2016-02-24 15:49:52 Notice: Notice (8): Undefined offset: 4 in [/var/www/html/superadmin/app/Controller/UsersController.php, line 168]
Trace:
UsersController::all() - APP/Controller/UsersController.php, line 168
ReflectionMethod::invokeArgs() - [internal], line ??
Controller::invokeAction() - CORE/Cake/Controller/Controller.php, line 491
Dispatcher::_invoke() - CORE/Cake/Routing/Dispatcher.php, line 193
Dispatcher::dispatch() - CORE/Cake/Routing/Dispatcher.php, line 167
[main] - APP/webroot/index.php, line 111

2016-02-26 15:40:55 Notice: Notice (8): Undefined index: created in [/var/www/html/superadmin/app/View/Orders/view.ctp, line 10]
Trace:
include - APP/View/Orders/view.ctp, line 10
View::_evaluate() - CORE/Cake/View/View.php, line 971
View::_render() - CORE/Cake/View/View.php, line 933
View::render() - CORE/Cake/View/View.php, line 473
Controller::render() - CORE/Cake/Controller/Controller.php, line 963
Dispatcher::_invoke() - CORE/Cake/Routing/Dispatcher.php, line 200
Dispatcher::dispatch() - CORE/Cake/Routing/Dispatcher.php, line 167
[main] - APP/webroot/index.php, line 111

2016-02-29 22:33:49 Notice: Notice (8): Undefined index: created in [/var/www/html/superadmin/app/View/Orders/view.ctp, line 10]
Trace:
include - APP/View/Orders/view.ctp, line 10
View::_evaluate() - CORE/Cake/View/View.php, line 971
View::_render() - CORE/Cake/View/View.php, line 933
View::render() - CORE/Cake/View/View.php, line 473
Controller::render() - CORE/Cake/Controller/Controller.php, line 963
Dispatcher::_invoke() - CORE/Cake/Routing/Dispatcher.php, line 200
Dispatcher::dispatch() - CORE/Cake/Routing/Dispatcher.php, line 167
[main] - APP/webroot/index.php, line 111

2016-03-01 01:09:07 Notice: Notice (8): Undefined index: created in [/var/www/html/superadmin/app/View/Orders/view.ctp, line 10]
Trace:
include - APP/View/Orders/view.ctp, line 10
View::_evaluate() - CORE/Cake/View/View.php, line 971
View::_render() - CORE/Cake/View/View.php, line 933
View::render() - CORE/Cake/View/View.php, line 473
Controller::render() - CORE/Cake/Controller/Controller.php, line 963
Dispatcher::_invoke() - CORE/Cake/Routing/Dispatcher.php, line 200
Dispatcher::dispatch() - CORE/Cake/Routing/Dispatcher.php, line 167
[main] - APP/webroot/index.php, line 111

2016-03-03 19:41:35 Notice: Notice (8): Undefined index: created in [/var/www/html/superadmin/app/View/Orders/view.ctp, line 10]
Trace:
include - APP/View/Orders/view.ctp, line 10
View::_evaluate() - CORE/Cake/View/View.php, line 971
View::_render() - CORE/Cake/View/View.php, line 933
View::render() - CORE/Cake/View/View.php, line 473
Controller::render() - CORE/Cake/Controller/Controller.php, line 963
Dispatcher::_invoke() - CORE/Cake/Routing/Dispatcher.php, line 200
Dispatcher::dispatch() - CORE/Cake/Routing/Dispatcher.php, line 167
[main] - APP/webroot/index.php, line 111

2016-03-04 16:26:21 Notice: Notice (8): Undefined index: created in [/var/www/html/superadmin/app/View/Orders/view.ctp, line 10]
Trace:
include - APP/View/Orders/view.ctp, line 10
View::_evaluate() - CORE/Cake/View/View.php, line 971
View::_render() - CORE/Cake/View/View.php, line 933
View::render() - CORE/Cake/View/View.php, line 473
Controller::render() - CORE/Cake/Controller/Controller.php, line 963
Dispatcher::_invoke() - CORE/Cake/Routing/Dispatcher.php, line 200
Dispatcher::dispatch() - CORE/Cake/Routing/Dispatcher.php, line 167
[main] - APP/webroot/index.php, line 111

2016-03-04 16:26:53 Notice: Notice (8): Undefined index: created in [/var/www/html/superadmin/app/View/Orders/view.ctp, line 10]
Trace:
include - APP/View/Orders/view.ctp, line 10
View::_evaluate() - CORE/Cake/View/View.php, line 971
View::_render() - CORE/Cake/View/View.php, line 933
View::render() - CORE/Cake/View/View.php, line 473
Controller::render() - CORE/Cake/Controller/Controller.php, line 963
Dispatcher::_invoke() - CORE/Cake/Routing/Dispatcher.php, line 200
Dispatcher::dispatch() - CORE/Cake/Routing/Dispatcher.php, line 167
[main] - APP/webroot/index.php, line 111

2016-03-04 16:31:45 Notice: Notice (8): Undefined index: created in [/var/www/html/superadmin/app/View/Orders/view.ctp, line 10]
Trace:
include - APP/View/Orders/view.ctp, line 10
View::_evaluate() - CORE/Cake/View/View.php, line 971
View::_render() - CORE/Cake/View/View.php, line 933
View::render() - CORE/Cake/View/View.php, line 473
Controller::render() - CORE/Cake/Controller/Controller.php, line 963
Dispatcher::_invoke() - CORE/Cake/Routing/Dispatcher.php, line 200
Dispatcher::dispatch() - CORE/Cake/Routing/Dispatcher.php, line 167
[main] - APP/webroot/index.php, line 111

2016-03-04 16:44:54 Notice: Notice (8): Undefined index: created in [/var/www/html/superadmin/app/View/Orders/view.ctp, line 10]
Trace:
include - APP/View/Orders/view.ctp, line 10
View::_evaluate() - CORE/Cake/View/View.php, line 971
View::_render() - CORE/Cake/View/View.php, line 933
View::render() - CORE/Cake/View/View.php, line 473
Controller::render() - CORE/Cake/Controller/Controller.php, line 963
Dispatcher::_invoke() - CORE/Cake/Routing/Dispatcher.php, line 200
Dispatcher::dispatch() - CORE/Cake/Routing/Dispatcher.php, line 167
[main] - APP/webroot/index.php, line 111

2016-03-04 17:13:29 Notice: Notice (8): Undefined index: created in [/var/www/html/superadmin/app/View/Orders/view.ctp, line 10]
Trace:
include - APP/View/Orders/view.ctp, line 10
View::_evaluate() - CORE/Cake/View/View.php, line 971
View::_render() - CORE/Cake/View/View.php, line 933
View::render() - CORE/Cake/View/View.php, line 473
Controller::render() - CORE/Cake/Controller/Controller.php, line 963
Dispatcher::_invoke() - CORE/Cake/Routing/Dispatcher.php, line 200
Dispatcher::dispatch() - CORE/Cake/Routing/Dispatcher.php, line 167
[main] - APP/webroot/index.php, line 111

2016-03-07 15:27:09 Notice: Notice (8): Undefined index: created in [/var/www/html/superadmin/app/View/Orders/view.ctp, line 10]
Trace:
include - APP/View/Orders/view.ctp, line 10
View::_evaluate() - CORE/Cake/View/View.php, line 971
View::_render() - CORE/Cake/View/View.php, line 933
View::render() - CORE/Cake/View/View.php, line 473
Controller::render() - CORE/Cake/Controller/Controller.php, line 963
Dispatcher::_invoke() - CORE/Cake/Routing/Dispatcher.php, line 200
Dispatcher::dispatch() - CORE/Cake/Routing/Dispatcher.php, line 167
[main] - APP/webroot/index.php, line 111

2016-03-07 15:43:29 Notice: Notice (8): Undefined index: created in [/var/www/html/superadmin/app/View/Orders/view.ctp, line 10]
Trace:
include - APP/View/Orders/view.ctp, line 10
View::_evaluate() - CORE/Cake/View/View.php, line 971
View::_render() - CORE/Cake/View/View.php, line 933
View::render() - CORE/Cake/View/View.php, line 473
Controller::render() - CORE/Cake/Controller/Controller.php, line 963
Dispatcher::_invoke() - CORE/Cake/Routing/Dispatcher.php, line 200
Dispatcher::dispatch() - CORE/Cake/Routing/Dispatcher.php, line 167
[main] - APP/webroot/index.php, line 111

2016-03-07 15:43:49 Notice: Notice (8): Undefined index: created in [/var/www/html/superadmin/app/View/Orders/view.ctp, line 10]
Trace:
include - APP/View/Orders/view.ctp, line 10
View::_evaluate() - CORE/Cake/View/View.php, line 971
View::_render() - CORE/Cake/View/View.php, line 933
View::render() - CORE/Cake/View/View.php, line 473
Controller::render() - CORE/Cake/Controller/Controller.php, line 963
Dispatcher::_invoke() - CORE/Cake/Routing/Dispatcher.php, line 200
Dispatcher::dispatch() - CORE/Cake/Routing/Dispatcher.php, line 167
[main] - APP/webroot/index.php, line 111

2016-03-07 15:46:26 Notice: Notice (8): Undefined index: created in [/var/www/html/superadmin/app/View/Orders/view.ctp, line 10]
Trace:
include - APP/View/Orders/view.ctp, line 10
View::_evaluate() - CORE/Cake/View/View.php, line 971
View::_render() - CORE/Cake/View/View.php, line 933
View::render() - CORE/Cake/View/View.php, line 473
Controller::render() - CORE/Cake/Controller/Controller.php, line 963
Dispatcher::_invoke() - CORE/Cake/Routing/Dispatcher.php, line 200
Dispatcher::dispatch() - CORE/Cake/Routing/Dispatcher.php, line 167
[main] - APP/webroot/index.php, line 111

2016-03-08 05:46:58 Notice: Notice (8): Undefined index: created in [/var/www/html/superadmin/app/View/Orders/view.ctp, line 10]
Trace:
include - APP/View/Orders/view.ctp, line 10
View::_evaluate() - CORE/Cake/View/View.php, line 971
View::_render() - CORE/Cake/View/View.php, line 933
View::render() - CORE/Cake/View/View.php, line 473
Controller::render() - CORE/Cake/Controller/Controller.php, line 963
Dispatcher::_invoke() - CORE/Cake/Routing/Dispatcher.php, line 200
Dispatcher::dispatch() - CORE/Cake/Routing/Dispatcher.php, line 167
[main] - APP/webroot/index.php, line 111

2016-03-08 05:47:24 Notice: Notice (8): Undefined index: created in [/var/www/html/superadmin/app/View/Orders/view.ctp, line 10]
Trace:
include - APP/View/Orders/view.ctp, line 10
View::_evaluate() - CORE/Cake/View/View.php, line 971
View::_render() - CORE/Cake/View/View.php, line 933
View::render() - CORE/Cake/View/View.php, line 473
Controller::render() - CORE/Cake/Controller/Controller.php, line 963
Dispatcher::_invoke() - CORE/Cake/Routing/Dispatcher.php, line 200
Dispatcher::dispatch() - CORE/Cake/Routing/Dispatcher.php, line 167
[main] - APP/webroot/index.php, line 111

2016-03-08 05:47:50 Notice: Notice (8): Undefined index: created in [/var/www/html/superadmin/app/View/Orders/view.ctp, line 10]
Trace:
include - APP/View/Orders/view.ctp, line 10
View::_evaluate() - CORE/Cake/View/View.php, line 971
View::_render() - CORE/Cake/View/View.php, line 933
View::render() - CORE/Cake/View/View.php, line 473
Controller::render() - CORE/Cake/Controller/Controller.php, line 963
Dispatcher::_invoke() - CORE/Cake/Routing/Dispatcher.php, line 200
Dispatcher::dispatch() - CORE/Cake/Routing/Dispatcher.php, line 167
[main] - APP/webroot/index.php, line 111

2016-03-08 11:05:36 Notice: Notice (8): Undefined index: created in [/var/www/html/superadmin/app/View/Orders/view.ctp, line 10]
Trace:
include - APP/View/Orders/view.ctp, line 10
View::_evaluate() - CORE/Cake/View/View.php, line 971
View::_render() - CORE/Cake/View/View.php, line 933
View::render() - CORE/Cake/View/View.php, line 473
Controller::render() - CORE/Cake/Controller/Controller.php, line 963
Dispatcher::_invoke() - CORE/Cake/Routing/Dispatcher.php, line 200
Dispatcher::dispatch() - CORE/Cake/Routing/Dispatcher.php, line 167
[main] - APP/webroot/index.php, line 111

2016-03-08 11:06:12 Notice: Notice (8): Undefined index: created in [/var/www/html/superadmin/app/View/Orders/view.ctp, line 10]
Trace:
include - APP/View/Orders/view.ctp, line 10
View::_evaluate() - CORE/Cake/View/View.php, line 971
View::_render() - CORE/Cake/View/View.php, line 933
View::render() - CORE/Cake/View/View.php, line 473
Controller::render() - CORE/Cake/Controller/Controller.php, line 963
Dispatcher::_invoke() - CORE/Cake/Routing/Dispatcher.php, line 200
Dispatcher::dispatch() - CORE/Cake/Routing/Dispatcher.php, line 167
[main] - APP/webroot/index.php, line 111

2016-03-08 11:06:39 Notice: Notice (8): Undefined index: created in [/var/www/html/superadmin/app/View/Orders/view.ctp, line 10]
Trace:
include - APP/View/Orders/view.ctp, line 10
View::_evaluate() - CORE/Cake/View/View.php, line 971
View::_render() - CORE/Cake/View/View.php, line 933
View::render() - CORE/Cake/View/View.php, line 473
Controller::render() - CORE/Cake/Controller/Controller.php, line 963
Dispatcher::_invoke() - CORE/Cake/Routing/Dispatcher.php, line 200
Dispatcher::dispatch() - CORE/Cake/Routing/Dispatcher.php, line 167
[main] - APP/webroot/index.php, line 111

2016-03-08 11:06:49 Notice: Notice (8): Undefined index: created in [/var/www/html/superadmin/app/View/Orders/view.ctp, line 10]
Trace:
include - APP/View/Orders/view.ctp, line 10
View::_evaluate() - CORE/Cake/View/View.php, line 971
View::_render() - CORE/Cake/View/View.php, line 933
View::render() - CORE/Cake/View/View.php, line 473
Controller::render() - CORE/Cake/Controller/Controller.php, line 963
Dispatcher::_invoke() - CORE/Cake/Routing/Dispatcher.php, line 200
Dispatcher::dispatch() - CORE/Cake/Routing/Dispatcher.php, line 167
[main] - APP/webroot/index.php, line 111

2016-03-08 11:23:45 Notice: Notice (8): Undefined variable: joins in [/var/www/html/superadmin/app/Controller/DashboardController.php, line 64]
Trace:
DashboardController::index() - APP/Controller/DashboardController.php, line 64
ReflectionMethod::invokeArgs() - [internal], line ??
Controller::invokeAction() - CORE/Cake/Controller/Controller.php, line 491
Dispatcher::_invoke() - CORE/Cake/Routing/Dispatcher.php, line 193
Dispatcher::dispatch() - CORE/Cake/Routing/Dispatcher.php, line 167
[main] - APP/webroot/index.php, line 111

2016-03-08 11:24:24 Notice: Notice (8): Undefined variable: joins in [/var/www/html/superadmin/app/Controller/DashboardController.php, line 64]
Trace:
DashboardController::index() - APP/Controller/DashboardController.php, line 64
ReflectionMethod::invokeArgs() - [internal], line ??
Controller::invokeAction() - CORE/Cake/Controller/Controller.php, line 491
Dispatcher::_invoke() - CORE/Cake/Routing/Dispatcher.php, line 193
Dispatcher::dispatch() - CORE/Cake/Routing/Dispatcher.php, line 167
[main] - APP/webroot/index.php, line 111

2016-03-08 11:24:32 Notice: Notice (8): Undefined variable: joins in [/var/www/html/superadmin/app/Controller/DashboardController.php, line 64]
Trace:
DashboardController::index() - APP/Controller/DashboardController.php, line 64
ReflectionMethod::invokeArgs() - [internal], line ??
Controller::invokeAction() - CORE/Cake/Controller/Controller.php, line 491
Dispatcher::_invoke() - CORE/Cake/Routing/Dispatcher.php, line 193
Dispatcher::dispatch() - CORE/Cake/Routing/Dispatcher.php, line 167
[main] - APP/webroot/index.php, line 111

2016-03-08 11:26:19 Notice: Notice (8): Undefined index: created in [/var/www/html/superadmin/app/View/Orders/view.ctp, line 10]
Trace:
include - APP/View/Orders/view.ctp, line 10
View::_evaluate() - CORE/Cake/View/View.php, line 971
View::_render() - CORE/Cake/View/View.php, line 933
View::render() - CORE/Cake/View/View.php, line 473
Controller::render() - CORE/Cake/Controller/Controller.php, line 963
Dispatcher::_invoke() - CORE/Cake/Routing/Dispatcher.php, line 200
Dispatcher::dispatch() - CORE/Cake/Routing/Dispatcher.php, line 167
[main] - APP/webroot/index.php, line 111

2016-03-08 11:27:20 Notice: Notice (8): Undefined index: created in [/var/www/html/superadmin/app/View/Orders/view.ctp, line 10]
Trace:
include - APP/View/Orders/view.ctp, line 10
View::_evaluate() - CORE/Cake/View/View.php, line 971
View::_render() - CORE/Cake/View/View.php, line 933
View::render() - CORE/Cake/View/View.php, line 473
Controller::render() - CORE/Cake/Controller/Controller.php, line 963
Dispatcher::_invoke() - CORE/Cake/Routing/Dispatcher.php, line 200
Dispatcher::dispatch() - CORE/Cake/Routing/Dispatcher.php, line 167
[main] - APP/webroot/index.php, line 111

2016-03-08 11:49:39 Notice: Notice (8): Undefined index: created in [/var/www/html/superadmin/app/View/Orders/view.ctp, line 10]
Trace:
include - APP/View/Orders/view.ctp, line 10
View::_evaluate() - CORE/Cake/View/View.php, line 971
View::_render() - CORE/Cake/View/View.php, line 933
View::render() - CORE/Cake/View/View.php, line 473
Controller::render() - CORE/Cake/Controller/Controller.php, line 963
Dispatcher::_invoke() - CORE/Cake/Routing/Dispatcher.php, line 200
Dispatcher::dispatch() - CORE/Cake/Routing/Dispatcher.php, line 167
[main] - APP/webroot/index.php, line 111

2016-03-08 11:53:07 Notice: Notice (8): Undefined index: created in [/var/www/html/superadmin/app/View/Orders/view.ctp, line 10]
Trace:
include - APP/View/Orders/view.ctp, line 10
View::_evaluate() - CORE/Cake/View/View.php, line 971
View::_render() - CORE/Cake/View/View.php, line 933
View::render() - CORE/Cake/View/View.php, line 473
Controller::render() - CORE/Cake/Controller/Controller.php, line 963
Dispatcher::_invoke() - CORE/Cake/Routing/Dispatcher.php, line 200
Dispatcher::dispatch() - CORE/Cake/Routing/Dispatcher.php, line 167
[main] - APP/webroot/index.php, line 111

2016-03-08 12:06:32 Notice: Notice (8): Undefined index: created in [/var/www/html/superadmin/app/View/Orders/view.ctp, line 10]
Trace:
include - APP/View/Orders/view.ctp, line 10
View::_evaluate() - CORE/Cake/View/View.php, line 971
View::_render() - CORE/Cake/View/View.php, line 933
View::render() - CORE/Cake/View/View.php, line 473
Controller::render() - CORE/Cake/Controller/Controller.php, line 963
Dispatcher::_invoke() - CORE/Cake/Routing/Dispatcher.php, line 200
Dispatcher::dispatch() - CORE/Cake/Routing/Dispatcher.php, line 167
[main] - APP/webroot/index.php, line 111

2016-03-08 12:06:35 Notice: Notice (8): Undefined index: created in [/var/www/html/superadmin/app/View/Orders/view.ctp, line 10]
Trace:
include - APP/View/Orders/view.ctp, line 10
View::_evaluate() - CORE/Cake/View/View.php, line 971
View::_render() - CORE/Cake/View/View.php, line 933
View::render() - CORE/Cake/View/View.php, line 473
Controller::render() - CORE/Cake/Controller/Controller.php, line 963
Dispatcher::_invoke() - CORE/Cake/Routing/Dispatcher.php, line 200
Dispatcher::dispatch() - CORE/Cake/Routing/Dispatcher.php, line 167
[main] - APP/webroot/index.php, line 111

2016-03-08 12:06:39 Notice: Notice (8): Undefined index: created in [/var/www/html/superadmin/app/View/Orders/view.ctp, line 10]
Trace:
include - APP/View/Orders/view.ctp, line 10
View::_evaluate() - CORE/Cake/View/View.php, line 971
View::_render() - CORE/Cake/View/View.php, line 933
View::render() - CORE/Cake/View/View.php, line 473
Controller::render() - CORE/Cake/Controller/Controller.php, line 963
Dispatcher::_invoke() - CORE/Cake/Routing/Dispatcher.php, line 200
Dispatcher::dispatch() - CORE/Cake/Routing/Dispatcher.php, line 167
[main] - APP/webroot/index.php, line 111

2016-03-08 12:06:43 Notice: Notice (8): Undefined index: created in [/var/www/html/superadmin/app/View/Orders/view.ctp, line 10]
Trace:
include - APP/View/Orders/view.ctp, line 10
View::_evaluate() - CORE/Cake/View/View.php, line 971
View::_render() - CORE/Cake/View/View.php, line 933
View::render() - CORE/Cake/View/View.php, line 473
Controller::render() - CORE/Cake/Controller/Controller.php, line 963
Dispatcher::_invoke() - CORE/Cake/Routing/Dispatcher.php, line 200
Dispatcher::dispatch() - CORE/Cake/Routing/Dispatcher.php, line 167
[main] - APP/webroot/index.php, line 111

2016-03-08 12:11:08 Notice: Notice (8): A non well formed numeric value encountered in [/var/www/html/superadmin/app/View/Orders/view.ctp, line 10]
Trace:
date - [internal], line ??
include - APP/View/Orders/view.ctp, line 10
View::_evaluate() - CORE/Cake/View/View.php, line 971
View::_render() - CORE/Cake/View/View.php, line 933
View::render() - CORE/Cake/View/View.php, line 473
Controller::render() - CORE/Cake/Controller/Controller.php, line 963
Dispatcher::_invoke() - CORE/Cake/Routing/Dispatcher.php, line 200
Dispatcher::dispatch() - CORE/Cake/Routing/Dispatcher.php, line 167
[main] - APP/webroot/index.php, line 111

2016-03-08 12:48:34 Notice: Notice (8): Undefined index: status in [/var/www/html/superadmin/app/View/Orders/view.ctp, line 12]
Trace:
include - APP/View/Orders/view.ctp, line 12
View::_evaluate() - CORE/Cake/View/View.php, line 971
View::_render() - CORE/Cake/View/View.php, line 933
View::render() - CORE/Cake/View/View.php, line 473
Controller::render() - CORE/Cake/Controller/Controller.php, line 963
Dispatcher::_invoke() - CORE/Cake/Routing/Dispatcher.php, line 200
Dispatcher::dispatch() - CORE/Cake/Routing/Dispatcher.php, line 167
[main] - APP/webroot/index.php, line 111

2016-03-08 12:49:38 Notice: Notice (8): Undefined index: status in [/var/www/html/superadmin/app/View/Orders/view.ctp, line 12]
Trace:
include - APP/View/Orders/view.ctp, line 12
View::_evaluate() - CORE/Cake/View/View.php, line 971
View::_render() - CORE/Cake/View/View.php, line 933
View::render() - CORE/Cake/View/View.php, line 473
Controller::render() - CORE/Cake/Controller/Controller.php, line 963
Dispatcher::_invoke() - CORE/Cake/Routing/Dispatcher.php, line 200
Dispatcher::dispatch() - CORE/Cake/Routing/Dispatcher.php, line 167
[main] - APP/webroot/index.php, line 111

2016-03-08 12:49:43 Notice: Notice (8): Undefined index: status in [/var/www/html/superadmin/app/View/Orders/view.ctp, line 12]
Trace:
include - APP/View/Orders/view.ctp, line 12
View::_evaluate() - CORE/Cake/View/View.php, line 971
View::_render() - CORE/Cake/View/View.php, line 933
View::render() - CORE/Cake/View/View.php, line 473
Controller::render() - CORE/Cake/Controller/Controller.php, line 963
Dispatcher::_invoke() - CORE/Cake/Routing/Dispatcher.php, line 200
Dispatcher::dispatch() - CORE/Cake/Routing/Dispatcher.php, line 167
[main] - APP/webroot/index.php, line 111

2016-03-08 12:50:01 Notice: Notice (8): Undefined index: status in [/var/www/html/superadmin/app/View/Orders/view.ctp, line 12]
Trace:
include - APP/View/Orders/view.ctp, line 12
View::_evaluate() - CORE/Cake/View/View.php, line 971
View::_render() - CORE/Cake/View/View.php, line 933
View::render() - CORE/Cake/View/View.php, line 473
Controller::render() - CORE/Cake/Controller/Controller.php, line 963
Dispatcher::_invoke() - CORE/Cake/Routing/Dispatcher.php, line 200
Dispatcher::dispatch() - CORE/Cake/Routing/Dispatcher.php, line 167
[main] - APP/webroot/index.php, line 111

2016-03-08 12:50:33 Notice: Notice (8): Undefined index: status in [/var/www/html/superadmin/app/View/Orders/view.ctp, line 12]
Trace:
include - APP/View/Orders/view.ctp, line 12
View::_evaluate() - CORE/Cake/View/View.php, line 971
View::_render() - CORE/Cake/View/View.php, line 933
View::render() - CORE/Cake/View/View.php, line 473
Controller::render() - CORE/Cake/Controller/Controller.php, line 963
Dispatcher::_invoke() - CORE/Cake/Routing/Dispatcher.php, line 200
Dispatcher::dispatch() - CORE/Cake/Routing/Dispatcher.php, line 167
[main] - APP/webroot/index.php, line 111

2016-03-08 13:42:17 Notice: Notice (8): Undefined index: status in [/var/www/html/superadmin/app/View/Orders/view.ctp, line 12]
Trace:
include - APP/View/Orders/view.ctp, line 12
View::_evaluate() - CORE/Cake/View/View.php, line 971
View::_render() - CORE/Cake/View/View.php, line 933
View::render() - CORE/Cake/View/View.php, line 473
Controller::render() - CORE/Cake/Controller/Controller.php, line 963
Dispatcher::_invoke() - CORE/Cake/Routing/Dispatcher.php, line 200
Dispatcher::dispatch() - CORE/Cake/Routing/Dispatcher.php, line 167
[main] - APP/webroot/index.php, line 111

2016-03-08 13:54:57 Notice: Notice (8): Undefined index: status in [/var/www/html/superadmin/app/View/Orders/view.ctp, line 12]
Trace:
include - APP/View/Orders/view.ctp, line 12
View::_evaluate() - CORE/Cake/View/View.php, line 971
View::_render() - CORE/Cake/View/View.php, line 933
View::render() - CORE/Cake/View/View.php, line 473
Controller::render() - CORE/Cake/Controller/Controller.php, line 963
Dispatcher::_invoke() - CORE/Cake/Routing/Dispatcher.php, line 200
Dispatcher::dispatch() - CORE/Cake/Routing/Dispatcher.php, line 167
[main] - APP/webroot/index.php, line 111

2016-03-08 14:00:00 Notice: Notice (8): Undefined index: status in [/var/www/html/superadmin/app/View/Orders/view.ctp, line 12]
Trace:
include - APP/View/Orders/view.ctp, line 12
View::_evaluate() - CORE/Cake/View/View.php, line 971
View::_render() - CORE/Cake/View/View.php, line 933
View::render() - CORE/Cake/View/View.php, line 473
Controller::render() - CORE/Cake/Controller/Controller.php, line 963
Dispatcher::_invoke() - CORE/Cake/Routing/Dispatcher.php, line 200
Dispatcher::dispatch() - CORE/Cake/Routing/Dispatcher.php, line 167
[main] - APP/webroot/index.php, line 111

2016-03-08 14:00:28 Notice: Notice (8): Undefined index: status in [/var/www/html/superadmin/app/View/Orders/view.ctp, line 12]
Trace:
include - APP/View/Orders/view.ctp, line 12
View::_evaluate() - CORE/Cake/View/View.php, line 971
View::_render() - CORE/Cake/View/View.php, line 933
View::render() - CORE/Cake/View/View.php, line 473
Controller::render() - CORE/Cake/Controller/Controller.php, line 963
Dispatcher::_invoke() - CORE/Cake/Routing/Dispatcher.php, line 200
Dispatcher::dispatch() - CORE/Cake/Routing/Dispatcher.php, line 167
[main] - APP/webroot/index.php, line 111

2016-03-08 14:01:08 Notice: Notice (8): Undefined index: status in [/var/www/html/superadmin/app/View/Orders/view.ctp, line 12]
Trace:
include - APP/View/Orders/view.ctp, line 12
View::_evaluate() - CORE/Cake/View/View.php, line 971
View::_render() - CORE/Cake/View/View.php, line 933
View::render() - CORE/Cake/View/View.php, line 473
Controller::render() - CORE/Cake/Controller/Controller.php, line 963
Dispatcher::_invoke() - CORE/Cake/Routing/Dispatcher.php, line 200
Dispatcher::dispatch() - CORE/Cake/Routing/Dispatcher.php, line 167
[main] - APP/webroot/index.php, line 111

2016-03-08 14:03:39 Notice: Notice (8): Undefined index: status in [/var/www/html/superadmin/app/View/Orders/view.ctp, line 12]
Trace:
include - APP/View/Orders/view.ctp, line 12
View::_evaluate() - CORE/Cake/View/View.php, line 971
View::_render() - CORE/Cake/View/View.php, line 933
View::render() - CORE/Cake/View/View.php, line 473
Controller::render() - CORE/Cake/Controller/Controller.php, line 963
Dispatcher::_invoke() - CORE/Cake/Routing/Dispatcher.php, line 200
Dispatcher::dispatch() - CORE/Cake/Routing/Dispatcher.php, line 167
[main] - APP/webroot/index.php, line 111

2016-03-08 14:03:55 Notice: Notice (8): Undefined index: status in [/var/www/html/superadmin/app/View/Orders/view.ctp, line 13]
Trace:
include - APP/View/Orders/view.ctp, line 13
View::_evaluate() - CORE/Cake/View/View.php, line 971
View::_render() - CORE/Cake/View/View.php, line 933
View::render() - CORE/Cake/View/View.php, line 473
Controller::render() - CORE/Cake/Controller/Controller.php, line 963
Dispatcher::_invoke() - CORE/Cake/Routing/Dispatcher.php, line 200
Dispatcher::dispatch() - CORE/Cake/Routing/Dispatcher.php, line 167
[main] - APP/webroot/index.php, line 111

2016-03-08 14:10:30 Notice: Notice (8): Undefined index: status in [/var/www/html/superadmin/app/View/Orders/view.ctp, line 13]
Trace:
include - APP/View/Orders/view.ctp, line 13
View::_evaluate() - CORE/Cake/View/View.php, line 971
View::_render() - CORE/Cake/View/View.php, line 933
View::render() - CORE/Cake/View/View.php, line 473
Controller::render() - CORE/Cake/Controller/Controller.php, line 963
Dispatcher::_invoke() - CORE/Cake/Routing/Dispatcher.php, line 200
Dispatcher::dispatch() - CORE/Cake/Routing/Dispatcher.php, line 167
[main] - APP/webroot/index.php, line 111

2016-03-08 14:13:14 Notice: Notice (8): Undefined index: status in [/var/www/html/superadmin/app/View/Orders/view.ctp, line 13]
Trace:
include - APP/View/Orders/view.ctp, line 13
View::_evaluate() - CORE/Cake/View/View.php, line 971
View::_render() - CORE/Cake/View/View.php, line 933
View::render() - CORE/Cake/View/View.php, line 473
Controller::render() - CORE/Cake/Controller/Controller.php, line 963
Dispatcher::_invoke() - CORE/Cake/Routing/Dispatcher.php, line 200
Dispatcher::dispatch() - CORE/Cake/Routing/Dispatcher.php, line 167
[main] - APP/webroot/index.php, line 111

2016-03-08 14:57:03 Notice: Notice (8): Undefined index: status in [/var/www/html/superadmin/app/View/Orders/view.ctp, line 13]
Trace:
include - APP/View/Orders/view.ctp, line 13
View::_evaluate() - CORE/Cake/View/View.php, line 971
View::_render() - CORE/Cake/View/View.php, line 933
View::render() - CORE/Cake/View/View.php, line 473
Controller::render() - CORE/Cake/Controller/Controller.php, line 963
Dispatcher::_invoke() - CORE/Cake/Routing/Dispatcher.php, line 200
Dispatcher::dispatch() - CORE/Cake/Routing/Dispatcher.php, line 167
[main] - APP/webroot/index.php, line 111

2016-03-09 04:51:53 Notice: Notice (8): Undefined index: status in [/var/www/html/superadmin/app/View/Orders/view.ctp, line 13]
Trace:
include - APP/View/Orders/view.ctp, line 13
View::_evaluate() - CORE/Cake/View/View.php, line 971
View::_render() - CORE/Cake/View/View.php, line 933
View::render() - CORE/Cake/View/View.php, line 473
Controller::render() - CORE/Cake/Controller/Controller.php, line 963
Dispatcher::_invoke() - CORE/Cake/Routing/Dispatcher.php, line 200
Dispatcher::dispatch() - CORE/Cake/Routing/Dispatcher.php, line 167
[main] - APP/webroot/index.php, line 111

2016-03-09 04:52:21 Notice: Notice (8): Undefined index: status in [/var/www/html/superadmin/app/View/Orders/view.ctp, line 13]
Trace:
include - APP/View/Orders/view.ctp, line 13
View::_evaluate() - CORE/Cake/View/View.php, line 971
View::_render() - CORE/Cake/View/View.php, line 933
View::render() - CORE/Cake/View/View.php, line 473
Controller::render() - CORE/Cake/Controller/Controller.php, line 963
Dispatcher::_invoke() - CORE/Cake/Routing/Dispatcher.php, line 200
Dispatcher::dispatch() - CORE/Cake/Routing/Dispatcher.php, line 167
[main] - APP/webroot/index.php, line 111

2016-03-09 10:37:51 Notice: Notice (8): Undefined index: status in [/var/www/html/superadmin/app/View/Orders/view.ctp, line 13]
Trace:
include - APP/View/Orders/view.ctp, line 13
View::_evaluate() - CORE/Cake/View/View.php, line 971
View::_render() - CORE/Cake/View/View.php, line 933
View::render() - CORE/Cake/View/View.php, line 473
Controller::render() - CORE/Cake/Controller/Controller.php, line 963
Dispatcher::_invoke() - CORE/Cake/Routing/Dispatcher.php, line 200
Dispatcher::dispatch() - CORE/Cake/Routing/Dispatcher.php, line 167
[main] - APP/webroot/index.php, line 111

2016-03-09 10:37:51 Notice: Notice (8): Undefined index: status in [/var/www/html/superadmin/app/View/Orders/view.ctp, line 13]
Trace:
include - APP/View/Orders/view.ctp, line 13
View::_evaluate() - CORE/Cake/View/View.php, line 971
View::_render() - CORE/Cake/View/View.php, line 933
View::render() - CORE/Cake/View/View.php, line 473
Controller::render() - CORE/Cake/Controller/Controller.php, line 963
Dispatcher::_invoke() - CORE/Cake/Routing/Dispatcher.php, line 200
Dispatcher::dispatch() - CORE/Cake/Routing/Dispatcher.php, line 167
[main] - APP/webroot/index.php, line 111

2016-03-09 10:38:00 Notice: Notice (8): Undefined index: status in [/var/www/html/superadmin/app/View/Orders/view.ctp, line 13]
Trace:
include - APP/View/Orders/view.ctp, line 13
View::_evaluate() - CORE/Cake/View/View.php, line 971
View::_render() - CORE/Cake/View/View.php, line 933
View::render() - CORE/Cake/View/View.php, line 473
Controller::render() - CORE/Cake/Controller/Controller.php, line 963
Dispatcher::_invoke() - CORE/Cake/Routing/Dispatcher.php, line 200
Dispatcher::dispatch() - CORE/Cake/Routing/Dispatcher.php, line 167
[main] - APP/webroot/index.php, line 111

2016-03-09 10:38:00 Notice: Notice (8): Undefined index: status in [/var/www/html/superadmin/app/View/Orders/view.ctp, line 13]
Trace:
include - APP/View/Orders/view.ctp, line 13
View::_evaluate() - CORE/Cake/View/View.php, line 971
View::_render() - CORE/Cake/View/View.php, line 933
View::render() - CORE/Cake/View/View.php, line 473
Controller::render() - CORE/Cake/Controller/Controller.php, line 963
Dispatcher::_invoke() - CORE/Cake/Routing/Dispatcher.php, line 200
Dispatcher::dispatch() - CORE/Cake/Routing/Dispatcher.php, line 167
[main] - APP/webroot/index.php, line 111

2016-03-09 10:38:31 Notice: Notice (8): Undefined index: status in [/var/www/html/superadmin/app/View/Orders/view.ctp, line 13]
Trace:
include - APP/View/Orders/view.ctp, line 13
View::_evaluate() - CORE/Cake/View/View.php, line 971
View::_render() - CORE/Cake/View/View.php, line 933
View::render() - CORE/Cake/View/View.php, line 473
Controller::render() - CORE/Cake/Controller/Controller.php, line 963
Dispatcher::_invoke() - CORE/Cake/Routing/Dispatcher.php, line 200
Dispatcher::dispatch() - CORE/Cake/Routing/Dispatcher.php, line 167
[main] - APP/webroot/index.php, line 111

2016-03-09 10:38:31 Notice: Notice (8): Undefined index: status in [/var/www/html/superadmin/app/View/Orders/view.ctp, line 13]
Trace:
include - APP/View/Orders/view.ctp, line 13
View::_evaluate() - CORE/Cake/View/View.php, line 971
View::_render() - CORE/Cake/View/View.php, line 933
View::render() - CORE/Cake/View/View.php, line 473
Controller::render() - CORE/Cake/Controller/Controller.php, line 963
Dispatcher::_invoke() - CORE/Cake/Routing/Dispatcher.php, line 200
Dispatcher::dispatch() - CORE/Cake/Routing/Dispatcher.php, line 167
[main] - APP/webroot/index.php, line 111

2016-03-09 10:38:31 Notice: Notice (8): Undefined index: status in [/var/www/html/superadmin/app/View/Orders/view.ctp, line 13]
Trace:
include - APP/View/Orders/view.ctp, line 13
View::_evaluate() - CORE/Cake/View/View.php, line 971
View::_render() - CORE/Cake/View/View.php, line 933
View::render() - CORE/Cake/View/View.php, line 473
Controller::render() - CORE/Cake/Controller/Controller.php, line 963
Dispatcher::_invoke() - CORE/Cake/Routing/Dispatcher.php, line 200
Dispatcher::dispatch() - CORE/Cake/Routing/Dispatcher.php, line 167
[main] - APP/webroot/index.php, line 111

2016-03-09 10:38:37 Notice: Notice (8): Undefined index: status in [/var/www/html/superadmin/app/View/Orders/view.ctp, line 13]
Trace:
include - APP/View/Orders/view.ctp, line 13
View::_evaluate() - CORE/Cake/View/View.php, line 971
View::_render() - CORE/Cake/View/View.php, line 933
View::render() - CORE/Cake/View/View.php, line 473
Controller::render() - CORE/Cake/Controller/Controller.php, line 963
Dispatcher::_invoke() - CORE/Cake/Routing/Dispatcher.php, line 200
Dispatcher::dispatch() - CORE/Cake/Routing/Dispatcher.php, line 167
[main] - APP/webroot/index.php, line 111

2016-03-09 10:38:37 Notice: Notice (8): Undefined index: status in [/var/www/html/superadmin/app/View/Orders/view.ctp, line 13]
Trace:
include - APP/View/Orders/view.ctp, line 13
View::_evaluate() - CORE/Cake/View/View.php, line 971
View::_render() - CORE/Cake/View/View.php, line 933
View::render() - CORE/Cake/View/View.php, line 473
Controller::render() - CORE/Cake/Controller/Controller.php, line 963
Dispatcher::_invoke() - CORE/Cake/Routing/Dispatcher.php, line 200
Dispatcher::dispatch() - CORE/Cake/Routing/Dispatcher.php, line 167
[main] - APP/webroot/index.php, line 111

2016-03-09 10:38:37 Notice: Notice (8): Undefined index: status in [/var/www/html/superadmin/app/View/Orders/view.ctp, line 13]
Trace:
include - APP/View/Orders/view.ctp, line 13
View::_evaluate() - CORE/Cake/View/View.php, line 971
View::_render() - CORE/Cake/View/View.php, line 933
View::render() - CORE/Cake/View/View.php, line 473
Controller::render() - CORE/Cake/Controller/Controller.php, line 963
Dispatcher::_invoke() - CORE/Cake/Routing/Dispatcher.php, line 200
Dispatcher::dispatch() - CORE/Cake/Routing/Dispatcher.php, line 167
[main] - APP/webroot/index.php, line 111

2016-03-09 10:39:06 Notice: Notice (8): Undefined index: status in [/var/www/html/superadmin/app/View/Orders/view.ctp, line 13]
Trace:
include - APP/View/Orders/view.ctp, line 13
View::_evaluate() - CORE/Cake/View/View.php, line 971
View::_render() - CORE/Cake/View/View.php, line 933
View::render() - CORE/Cake/View/View.php, line 473
Controller::render() - CORE/Cake/Controller/Controller.php, line 963
Dispatcher::_invoke() - CORE/Cake/Routing/Dispatcher.php, line 200
Dispatcher::dispatch() - CORE/Cake/Routing/Dispatcher.php, line 167
[main] - APP/webroot/index.php, line 111

2016-03-09 10:39:06 Notice: Notice (8): Undefined index: status in [/var/www/html/superadmin/app/View/Orders/view.ctp, line 13]
Trace:
include - APP/View/Orders/view.ctp, line 13
View::_evaluate() - CORE/Cake/View/View.php, line 971
View::_render() - CORE/Cake/View/View.php, line 933
View::render() - CORE/Cake/View/View.php, line 473
Controller::render() - CORE/Cake/Controller/Controller.php, line 963
Dispatcher::_invoke() - CORE/Cake/Routing/Dispatcher.php, line 200
Dispatcher::dispatch() - CORE/Cake/Routing/Dispatcher.php, line 167
[main] - APP/webroot/index.php, line 111

2016-03-09 10:39:06 Notice: Notice (8): Undefined index: status in [/var/www/html/superadmin/app/View/Orders/view.ctp, line 13]
Trace:
include - APP/View/Orders/view.ctp, line 13
View::_evaluate() - CORE/Cake/View/View.php, line 971
View::_render() - CORE/Cake/View/View.php, line 933
View::render() - CORE/Cake/View/View.php, line 473
Controller::render() - CORE/Cake/Controller/Controller.php, line 963
Dispatcher::_invoke() - CORE/Cake/Routing/Dispatcher.php, line 200
Dispatcher::dispatch() - CORE/Cake/Routing/Dispatcher.php, line 167
[main] - APP/webroot/index.php, line 111

